MPASM  5.50                       COUNTER.ASM   6-4-2024  3:02:35         PAGE  1


LOC  OBJECT CODE     LINE SOURCE TEXT
  VALUE

                      00001     INCLUDE <P16F627A.INC>     ; Include standard definitions for the PIC16F627A
                      00001         LIST
                      00002 
                      00003 ;==========================================================================
                      00004 ;  MPASM PIC16F627A processor include
                      00005 ; 
                      00006 ;  (c) Copyright 1999-2013 Microchip Technology, All rights reserved
                      00007 ;==========================================================================
                      00008 
                      00385         LIST
                      00002 
0000                  00003     ORG 0x00                   ; Origin, starting address of the program
0000   2805           00004     GOTO main                  ; Go to main routine
                      00005 
0004                  00006     ORG 0x04                   ; Interrupt vector location
0004   0009           00007     RETFIE                     ; Return from interrupt
                      00008 
                      00009 ; Main program starts here
0005                  00010 main:
                      00011     ; Initialize ports
0005   1683           00012     BSF     STATUS, RP0       ; Switch to Bank 1
Message[302]: Register in operand not in bank 0.  Ensure that bank bits are correct.
0006   0185           00013     CLRF    TRISA             ; Clear TRISA to set PORTA as input
0007   3000           00014     MOVLW   0x00
Message[302]: Register in operand not in bank 0.  Ensure that bank bits are correct.
0008   0085           00015     MOVWF   TRISA             ; Confirm PORTA as input
0009   3000           00016     MOVLW   0x00
Message[302]: Register in operand not in bank 0.  Ensure that bank bits are correct.
000A   0086           00017     MOVWF   TRISB             ; Set PORTB as output
000B   1283           00018     BCF     STATUS, RP0       ; Switch to Bank 0
000C   0186           00019     CLRF    PORTB             ; Clear PORTB (turn off all segments)
000D   01A0           00020     CLRF    0x20              ; Clear counter value at address 0x20
                      00021 
                      00022 ; Main loop to check the switches
000E                  00023 check_switches:
000E   1805           00024     BTFSC   PORTA, 0          ; Check if RA0 (increment button) is pressed
000F   2014           00025     CALL    increment         ; If pressed, call increment subroutine
                      00026 
0010   1885           00027     BTFSC   PORTA, 1          ; Check if RA1 (decrement button) is pressed
0011   201C           00028     CALL    decrement         ; If pressed, call decrement subroutine
                      00029 
0012   202F           00030     CALL    display           ; Update the 7-segment display with current counter value
                      00031 
0013   280E           00032     GOTO    check_switches    ; Repeat the loop
                      00033 
                      00034 ; Subroutine to increment the counter
0014                  00035 increment:
0014   0AA0           00036     INCF    0x20, F           ; Increment counter value at address 0x20
0015   0820           00037     MOVF    0x20, W           ; Move counter value to W register
0016   3A0A           00038     XORLW   0x0A              ; Compare W register with 10 (0x0A)
0017   1D03           00039     BTFSS   STATUS, Z         ; Skip if not zero (i.e., counter is not 10)
0018   281A           00040     GOTO    skip_reset        ; Skip resetting if counter is not 10
0019   01A0           00041     CLRF    0x20              ; Reset counter value to 0 if it was 10
MPASM  5.50                       COUNTER.ASM   6-4-2024  3:02:35         PAGE  2


LOC  OBJECT CODE     LINE SOURCE TEXT
  VALUE

001A                  00042 skip_reset:
001A   2026           00043     CALL    delay             ; Call delay subroutine for debounce
001B   0008           00044     RETURN                    ; Return from subroutine
                      00045 
                      00046 ; Subroutine to decrement the counter
001C                  00047 decrement:
001C   0820           00048     MOVF    0x20, W           ; Move counter value to W register
001D   3800           00049     IORLW   0x00              ; Compare W register with 0
001E   1D03           00050     BTFSS   STATUS, Z         ; Skip if not zero (i.e., counter is not 0)
001F   2823           00051     GOTO    skip_set_to_9     ; Skip setting to 9 if counter is not 0
0020   3009           00052     MOVLW   0x09              ; Load W register with 9
0021   00A0           00053     MOVWF   0x20              ; Set counter value to 9
0022   2824           00054     GOTO    skip_decrement    ; Skip normal decrement operation
0023                  00055 skip_set_to_9:
0023   03A0           00056     DECF    0x20, F           ; Decrement counter value at address 0x20
0024                  00057 skip_decrement:
0024   2026           00058     CALL    delay             ; Call delay subroutine for debounce
0025   0008           00059     RETURN                    ; Return from subroutine
                      00060 
                      00061 ; Custom delay subroutine for debouncing
0026                  00062 delay:
0026   30FF           00063     MOVLW   0xFF              ; Load W register with 255
0027   00A1           00064     MOVWF   0x21              ; Store 255 in register 0x21
0028   30FF           00065     MOVLW   0xFF              ; Load W register with 255 again
0029   00A2           00066     MOVWF   0x22              ; Store 255 in register 0x22
002A                  00067 d1:
002A   0BA1           00068     DECFSZ  0x21, F           ; Decrement register 0x21 and skip if zero
002B   282A           00069     GOTO    d1                ; Loop until register 0x21 is zero
002C   0BA2           00070     DECFSZ  0x22, F           ; Decrement register 0x22 and skip if zero
002D   282A           00071     GOTO    d1                ; Loop until register 0x22 is zero
002E   0008           00072     RETURN                    ; Return from subroutine
                      00073 
                      00074 ; Display subroutine to update 7-segment display
002F                  00075 display:
002F   0820           00076     MOVF    0x20, W           ; Move counter value to W register
0030   2033           00077     CALL    seg_decode        ; Call segment decode subroutine
0031   0086           00078     MOVWF   PORTB             ; Output decoded value to PORTB
0032   0008           00079     RETURN                    ; Return from subroutine
                      00080 
                      00081 ; Segment decode subroutine to convert counter value to 7-segment code
0033                  00082 seg_decode:
0033   0782           00083     ADDWF   PCL, F            ; Add counter value to program counter (PCL)
0034   343F           00084     RETLW   b'00111111'       ; 0: Display 0 on 7-segment
0035   3406           00085     RETLW   b'00000110'       ; 1: Display 1 on 7-segment
0036   345B           00086     RETLW   b'01011011'       ; 2: Display 2 on 7-segment
0037   344F           00087     RETLW   b'01001111'       ; 3: Display 3 on 7-segment
0038   3466           00088     RETLW   b'01100110'       ; 4: Display 4 on 7-segment
0039   346D           00089     RETLW   b'01101101'       ; 5: Display 5 on 7-segment
003A   347D           00090     RETLW   b'01111101'       ; 6: Display 6 on 7-segment
003B   3407           00091     RETLW   b'00000111'       ; 7: Display 7 on 7-segment
003C   347F           00092     RETLW   b'01111111'       ; 8: Display 8 on 7-segment
003D   346F           00093     RETLW   b'01101111'       ; 9: Display 9 on 7-segment
                      00094 
MPASM  5.50                       COUNTER.ASM   6-4-2024  3:02:35         PAGE  3


LOC  OBJECT CODE     LINE SOURCE TEXT
  VALUE

                      00095     END                       ; End of program
MPASM  5.50                       COUNTER.ASM   6-4-2024  3:02:35         PAGE  4


SYMBOL TABLE
  LABEL                             VALUE 

ADDEN                             00000003
ADEN                              00000003
BRGH                              00000002
C                                 00000000
C1INV                             00000004
C1OUT                             00000006
C2INV                             00000005
C2OUT                             00000007
CCP1CON                           00000017
CCP1IE                            00000002
CCP1IF                            00000002
CCP1M0                            00000000
CCP1M1                            00000001
CCP1M2                            00000002
CCP1M3                            00000003
CCP1X                             00000005
CCP1Y                             00000004
CCPR1                             00000015
CCPR1H                            00000016
CCPR1L                            00000015
CIS                               00000003
CM0                               00000000
CM1                               00000001
CM2                               00000002
CMCON                             0000001F
CMIE                              00000006
CMIF                              00000006
CREN                              00000004
CSRC                              00000007
DATA_CP_OFF                       00003FFF
DATA_CP_ON                        00003EFF
DC                                00000001
EEADR                             0000009B
EECON1                            0000009C
EECON2                            0000009D
EEDATA                            0000009A
EEIE                              00000007
EEIF                              00000007
F                                 00000001
FERR                              00000002
FSR                               00000004
GIE                               00000007
INDF                              00000000
INTCON                            0000000B
INTE                              00000004
INTEDG                            00000006
INTF                              00000001
IRP                               00000007
NOT_BO                            00000000
NOT_BOD                           00000000
NOT_BOR                           00000000
NOT_PD                            00000003
NOT_POR                           00000001
MPASM  5.50                       COUNTER.ASM   6-4-2024  3:02:35         PAGE  5


SYMBOL TABLE
  LABEL                             VALUE 

NOT_RBPU                          00000007
NOT_T1SYNC                        00000002
NOT_TO                            00000004
OERR                              00000001
OPTION_REG                        00000081
OSCF                              00000003
PCL                               00000002
PCLATH                            0000000A
PCON                              0000008E
PEIE                              00000006
PIE1                              0000008C
PIR1                              0000000C
PORTA                             00000005
PORTB                             00000006
PR2                               00000092
PS0                               00000000
PS1                               00000001
PS2                               00000002
PSA                               00000003
RA0                               00000000
RA1                               00000001
RA2                               00000002
RA3                               00000003
RA4                               00000004
RA5                               00000005
RA6                               00000006
RA7                               00000007
RB0                               00000000
RB1                               00000001
RB2                               00000002
RB3                               00000003
RB4                               00000004
RB5                               00000005
RB6                               00000006
RB7                               00000007
RBIE                              00000003
RBIF                              00000000
RCIE                              00000005
RCIF                              00000005
RCREG                             0000001A
RCSTA                             00000018
RD                                00000000
RP0                               00000005
RP1                               00000006
RX9                               00000006
RX9D                              00000000
SPBRG                             00000099
SPEN                              00000007
SREN                              00000005
STATUS                            00000003
SYNC                              00000004
T0CS                              00000005
T0IE                              00000005
MPASM  5.50                       COUNTER.ASM   6-4-2024  3:02:35         PAGE  6


SYMBOL TABLE
  LABEL                             VALUE 

T0IF                              00000002
T0SE                              00000004
T1CKPS0                           00000004
T1CKPS1                           00000005
T1CON                             00000010
T1OSCEN                           00000003
T2CKPS0                           00000000
T2CKPS1                           00000001
T2CON                             00000012
TMR0                              00000001
TMR0IE                            00000005
TMR0IF                            00000002
TMR1                              0000000E
TMR1CS                            00000001
TMR1H                             0000000F
TMR1IE                            00000000
TMR1IF                            00000000
TMR1L                             0000000E
TMR1ON                            00000000
TMR2                              00000011
TMR2IE                            00000001
TMR2IF                            00000001
TMR2ON                            00000002
TOUTPS0                           00000003
TOUTPS1                           00000004
TOUTPS2                           00000005
TOUTPS3                           00000006
TRISA                             00000085
TRISA0                            00000000
TRISA1                            00000001
TRISA2                            00000002
TRISA3                            00000003
TRISA4                            00000004
TRISA5                            00000005
TRISA6                            00000006
TRISA7                            00000007
TRISB                             00000086
TRISB0                            00000000
TRISB1                            00000001
TRISB2                            00000002
TRISB3                            00000003
TRISB4                            00000004
TRISB5                            00000005
TRISB6                            00000006
TRISB7                            00000007
TRMT                              00000001
TX9                               00000006
TX9D                              00000000
TXEN                              00000005
TXIE                              00000004
TXIF                              00000004
TXREG                             00000019
TXSTA                             00000098
MPASM  5.50                       COUNTER.ASM   6-4-2024  3:02:35         PAGE  7


SYMBOL TABLE
  LABEL                             VALUE 

VR0                               00000000
VR1                               00000001
VR2                               00000002
VR3                               00000003
VRCON                             0000009F
VREN                              00000007
VROE                              00000006
VRR                               00000005
W                                 00000000
WR                                00000001
WREN                              00000002
WRERR                             00000003
Z                                 00000002
_BODEN_OFF                        00003FBF
_BODEN_ON                         00003FFF
_BOREN_OFF                        00003FBF
_BOREN_ON                         00003FFF
_CONFIG                           00002007
_CPD_OFF                          00003FFF
_CPD_ON                           00003EFF
_CP_OFF                           00003FFF
_CP_ON                            00001FFF
_DEVID1                           00002006
_ER_OSC_CLKOUT                    00003FFF
_ER_OSC_NOCLKOUT                  00003FFE
_EXTCLK_OSC                       00003FEF
_FOSC_ECIO                        00003FEF
_FOSC_EXTRCCLK                    00003FFF
_FOSC_EXTRCIO                     00003FFE
_FOSC_HS                          00003FEE
_FOSC_INTOSCCLK                   00003FFD
_FOSC_INTOSCIO                    00003FFC
_FOSC_LP                          00003FEC
_FOSC_XT                          00003FED
_HS_OSC                           00003FEE
_IDLOC0                           00002000
_IDLOC1                           00002001
_IDLOC2                           00002002
_IDLOC3                           00002003
_INTOSC_OSC_CLKOUT                00003FFD
_INTOSC_OSC_NOCLKOUT              00003FFC
_INTRC_OSC_CLKOUT                 00003FFD
_INTRC_OSC_NOCLKOUT               00003FFC
_LP_OSC                           00003FEC
_LVP_OFF                          00003F7F
_LVP_ON                           00003FFF
_MCLRE_OFF                        00003FDF
_MCLRE_ON                         00003FFF
_PWRTE_OFF                        00003FFF
_PWRTE_ON                         00003FF7
_RC_OSC_CLKOUT                    00003FFF
_RC_OSC_NOCLKOUT                  00003FFE
_WDTE_OFF                         00003FFB
MPASM  5.50                       COUNTER.ASM   6-4-2024  3:02:35         PAGE  8


SYMBOL TABLE
  LABEL                             VALUE 

_WDTE_ON                          00003FFF
_WDT_OFF                          00003FFB
_WDT_ON                           00003FFF
_XT_OSC                           00003FED
__16F627A                         00000001
__DEBUG                           1
check_switches                    0000000E
d1                                0000002A
decrement                         0000001C
delay                             00000026
display                           0000002F
increment                         00000014
main                              00000005
seg_decode                        00000033
skip_decrement                    00000024
skip_reset                        0000001A
skip_set_to_9                     00000023


MEMORY USAGE MAP ('X' = Used,  '-' = Unused)

0000 : X---XXXXXXXXXXXX XXXXXXXXXXXXXXXX XXXXXXXXXXXXXXXX XXXXXXXXXXXXXX--

All other memory blocks unused.

Program Memory Words Used:    59
Program Memory Words Free:   965


Errors   :     0
Warnings :     0 reported,     0 suppressed
Messages :     3 reported,     0 suppressed

